{"/Users/rodrigofacio/teste-tecnico-cloudPark/eslint.config.js": {"path":"/Users/rodrigofacio/teste-tecnico-cloudPark/eslint.config.js","statementMap":{"0":{"start":{"line":2,"column":25},"end":{"line":2,"column":49}},"1":{"start":{"line":3,"column":19},"end":{"line":3,"column":53}},"2":{"start":{"line":5,"column":0},"end":{"line":10,"column":3}}},"fnMap":{},"branchMap":{},"s":{"0":0,"1":0,"2":0},"f":{},"b":{}}
,"/Users/rodrigofacio/teste-tecnico-cloudPark/app/index.tsx": {"path":"/Users/rodrigofacio/teste-tecnico-cloudPark/app/index.tsx","statementMap":{"0":{"start":{"line":9,"column":32},"end":{"line":9,"column":46}},"1":{"start":{"line":10,"column":38},"end":{"line":10,"column":53}},"2":{"start":{"line":11,"column":17},"end":{"line":11,"column":28}},"3":{"start":{"line":13,"column":2},"end":{"line":19,"column":9}},"4":{"start":{"line":14,"column":4},"end":{"line":18,"column":9}},"5":{"start":{"line":15,"column":21},"end":{"line":15,"column":43}},"6":{"start":{"line":16,"column":6},"end":{"line":16,"column":28}},"7":{"start":{"line":17,"column":6},"end":{"line":17,"column":24}},"8":{"start":{"line":21,"column":2},"end":{"line":27,"column":3}},"9":{"start":{"line":22,"column":4},"end":{"line":26,"column":6}},"10":{"start":{"line":29,"column":2},"end":{"line":31,"column":3}},"11":{"start":{"line":30,"column":4},"end":{"line":30,"column":27}},"12":{"start":{"line":33,"column":2},"end":{"line":33,"column":23}}},"fnMap":{"0":{"name":"Index","decl":{"start":{"line":8,"column":24},"end":{"line":8,"column":29}},"loc":{"start":{"line":8,"column":32},"end":{"line":34,"column":1}},"line":8},"1":{"name":"(anonymous_1)","decl":{"start":{"line":13,"column":12},"end":{"line":13,"column":13}},"loc":{"start":{"line":13,"column":18},"end":{"line":19,"column":3}},"line":13},"2":{"name":"(anonymous_2)","decl":{"start":{"line":14,"column":5},"end":{"line":14,"column":6}},"loc":{"start":{"line":14,"column":17},"end":{"line":18,"column":5}},"line":14}},"branchMap":{"0":{"loc":{"start":{"line":21,"column":2},"end":{"line":27,"column":3}},"type":"if","locations":[{"start":{"line":21,"column":2},"end":{"line":27,"column":3}},{"start":{},"end":{}}],"line":21},"1":{"loc":{"start":{"line":29,"column":2},"end":{"line":31,"column":3}},"type":"if","locations":[{"start":{"line":29,"column":2},"end":{"line":31,"column":3}},{"start":{},"end":{}}],"line":29}},"s":{"0":0,"1":0,"2":0,"3":0,"4":0,"5":0,"6":0,"7":0,"8":0,"9":0,"10":0,"11":0,"12":0},"f":{"0":0,"1":0,"2":0},"b":{"0":[0,0],"1":[0,0]}}
,"/Users/rodrigofacio/teste-tecnico-cloudPark/app/calls/calls.tsx": {"path":"/Users/rodrigofacio/teste-tecnico-cloudPark/app/calls/calls.tsx","statementMap":{"0":{"start":{"line":14,"column":57},"end":{"line":14,"column":72}},"1":{"start":{"line":15,"column":42},"end":{"line":15,"column":67}},"2":{"start":{"line":16,"column":30},"end":{"line":16,"column":42}},"3":{"start":{"line":17,"column":42},"end":{"line":17,"column":57}},"4":{"start":{"line":19,"column":2},"end":{"line":21,"column":19}},"5":{"start":{"line":20,"column":4},"end":{"line":20,"column":17}},"6":{"start":{"line":25,"column":4},"end":{"line":27,"column":54}},"7":{"start":{"line":27,"column":28},"end":{"line":27,"column":53}},"8":{"start":{"line":30,"column":24},"end":{"line":32,"column":3}},"9":{"start":{"line":31,"column":4},"end":{"line":31,"column":56}},"10":{"start":{"line":35,"column":22},"end":{"line":39,"column":4}},"11":{"start":{"line":36,"column":18},"end":{"line":36,"column":49}},"12":{"start":{"line":37,"column":18},"end":{"line":37,"column":49}},"13":{"start":{"line":38,"column":4},"end":{"line":38,"column":25}},"14":{"start":{"line":41,"column":24},"end":{"line":52,"column":3}},"15":{"start":{"line":46,"column":4},"end":{"line":51,"column":7}},"16":{"start":{"line":54,"column":2},"end":{"line":120,"column":4}},"17":{"start":{"line":72,"column":16},"end":{"line":72,"column":52}},"18":{"start":{"line":88,"column":29},"end":{"line":88,"column":50}},"19":{"start":{"line":108,"column":36},"end":{"line":108,"column":43}},"20":{"start":{"line":109,"column":38},"end":{"line":109,"column":62}},"21":{"start":{"line":115,"column":25},"end":{"line":115,"column":47}}},"fnMap":{"0":{"name":"CallsPage","decl":{"start":{"line":13,"column":24},"end":{"line":13,"column":33}},"loc":{"start":{"line":13,"column":36},"end":{"line":121,"column":1}},"line":13},"1":{"name":"(anonymous_1)","decl":{"start":{"line":19,"column":12},"end":{"line":19,"column":13}},"loc":{"start":{"line":19,"column":18},"end":{"line":21,"column":3}},"line":19},"2":{"name":"(anonymous_2)","decl":{"start":{"line":27,"column":21},"end":{"line":27,"column":22}},"loc":{"start":{"line":27,"column":28},"end":{"line":27,"column":53}},"line":27},"3":{"name":"(anonymous_3)","decl":{"start":{"line":30,"column":45},"end":{"line":30,"column":46}},"loc":{"start":{"line":31,"column":4},"end":{"line":31,"column":56}},"line":31},"4":{"name":"(anonymous_4)","decl":{"start":{"line":35,"column":46},"end":{"line":35,"column":47}},"loc":{"start":{"line":35,"column":56},"end":{"line":39,"column":3}},"line":35},"5":{"name":"(anonymous_5)","decl":{"start":{"line":41,"column":24},"end":{"line":41,"column":25}},"loc":{"start":{"line":45,"column":8},"end":{"line":52,"column":3}},"line":45},"6":{"name":"(anonymous_6)","decl":{"start":{"line":71,"column":29},"end":{"line":71,"column":30}},"loc":{"start":{"line":72,"column":16},"end":{"line":72,"column":52}},"line":72},"7":{"name":"(anonymous_7)","decl":{"start":{"line":88,"column":23},"end":{"line":88,"column":24}},"loc":{"start":{"line":88,"column":29},"end":{"line":88,"column":50}},"line":88},"8":{"name":"(anonymous_8)","decl":{"start":{"line":108,"column":26},"end":{"line":108,"column":27}},"loc":{"start":{"line":108,"column":36},"end":{"line":108,"column":43}},"line":108},"9":{"name":"(anonymous_9)","decl":{"start":{"line":109,"column":24},"end":{"line":109,"column":25}},"loc":{"start":{"line":109,"column":38},"end":{"line":109,"column":62}},"line":109},"10":{"name":"(anonymous_10)","decl":{"start":{"line":115,"column":19},"end":{"line":115,"column":20}},"loc":{"start":{"line":115,"column":25},"end":{"line":115,"column":47}},"line":115}},"branchMap":{"0":{"loc":{"start":{"line":25,"column":4},"end":{"line":27,"column":54}},"type":"cond-expr","locations":[{"start":{"line":26,"column":8},"end":{"line":26,"column":13}},{"start":{"line":27,"column":8},"end":{"line":27,"column":54}}],"line":25},"1":{"loc":{"start":{"line":95,"column":9},"end":{"line":112,"column":9}},"type":"cond-expr","locations":[{"start":{"line":96,"column":10},"end":{"line":100,"column":12}},{"start":{"line":101,"column":12},"end":{"line":112,"column":9}}],"line":95},"2":{"loc":{"start":{"line":101,"column":12},"end":{"line":112,"column":9}},"type":"cond-expr","locations":[{"start":{"line":102,"column":10},"end":{"line":104,"column":17}},{"start":{"line":106,"column":10},"end":{"line":111,"column":12}}],"line":101}},"s":{"0":0,"1":0,"2":0,"3":0,"4":0,"5":0,"6":0,"7":0,"8":0,"9":0,"10":0,"11":0,"12":0,"13":0,"14":0,"15":0,"16":0,"17":0,"18":0,"19":0,"20":0,"21":0},"f":{"0":0,"1":0,"2":0,"3":0,"4":0,"5":0,"6":0,"7":0,"8":0,"9":0,"10":0},"b":{"0":[0,0],"1":[0,0],"2":[0,0]}}
,"/Users/rodrigofacio/teste-tecnico-cloudPark/app/calls/style.ts": {"path":"/Users/rodrigofacio/teste-tecnico-cloudPark/app/calls/style.ts","statementMap":{"0":{"start":{"line":4,"column":25},"end":{"line":10,"column":1}},"1":{"start":{"line":12,"column":25},"end":{"line":16,"column":1}},"2":{"start":{"line":18,"column":31},"end":{"line":23,"column":1}},"3":{"start":{"line":25,"column":27},"end":{"line":31,"column":1}},"4":{"start":{"line":33,"column":34},"end":{"line":39,"column":1}},"5":{"start":{"line":41,"column":25},"end":{"line":43,"column":1}},"6":{"start":{"line":45,"column":28},"end":{"line":49,"column":1}}},"fnMap":{},"branchMap":{},"s":{"0":0,"1":0,"2":0,"3":0,"4":0,"5":0,"6":0},"f":{},"b":{}}
,"/Users/rodrigofacio/teste-tecnico-cloudPark/app/calls/types.ts": {"path":"/Users/rodrigofacio/teste-tecnico-cloudPark/app/calls/types.ts","statementMap":{},"fnMap":{},"branchMap":{},"s":{},"f":{},"b":{}}
,"/Users/rodrigofacio/teste-tecnico-cloudPark/app/calls/components/CallCard/CallCard.tsx": {"path":"/Users/rodrigofacio/teste-tecnico-cloudPark/app/calls/components/CallCard/CallCard.tsx","statementMap":{"0":{"start":{"line":8,"column":15},"end":{"line":8,"column":35}},"1":{"start":{"line":9,"column":2},"end":{"line":9,"column":47}},"2":{"start":{"line":9,"column":29},"end":{"line":9,"column":47}},"3":{"start":{"line":10,"column":2},"end":{"line":16,"column":5}},"4":{"start":{"line":24,"column":42},"end":{"line":24,"column":57}},"5":{"start":{"line":26,"column":2},"end":{"line":46,"column":4}},"6":{"start":{"line":34,"column":25},"end":{"line":34,"column":46}},"7":{"start":{"line":43,"column":23},"end":{"line":43,"column":45}}},"fnMap":{"0":{"name":"formatDate","decl":{"start":{"line":7,"column":9},"end":{"line":7,"column":19}},"loc":{"start":{"line":7,"column":40},"end":{"line":17,"column":1}},"line":7},"1":{"name":"CallCard","decl":{"start":{"line":23,"column":24},"end":{"line":23,"column":32}},"loc":{"start":{"line":23,"column":58},"end":{"line":47,"column":1}},"line":23},"2":{"name":"(anonymous_2)","decl":{"start":{"line":34,"column":19},"end":{"line":34,"column":20}},"loc":{"start":{"line":34,"column":25},"end":{"line":34,"column":46}},"line":34},"3":{"name":"(anonymous_3)","decl":{"start":{"line":43,"column":17},"end":{"line":43,"column":18}},"loc":{"start":{"line":43,"column":23},"end":{"line":43,"column":45}},"line":43}},"branchMap":{"0":{"loc":{"start":{"line":9,"column":2},"end":{"line":9,"column":47}},"type":"if","locations":[{"start":{"line":9,"column":2},"end":{"line":9,"column":47}},{"start":{},"end":{}}],"line":9}},"s":{"0":0,"1":0,"2":0,"3":0,"4":0,"5":0,"6":0,"7":0},"f":{"0":0,"1":0,"2":0,"3":0},"b":{"0":[0,0]}}
,"/Users/rodrigofacio/teste-tecnico-cloudPark/app/calls/components/CallCard/style.ts": {"path":"/Users/rodrigofacio/teste-tecnico-cloudPark/app/calls/components/CallCard/style.ts","statementMap":{"0":{"start":{"line":3,"column":29},"end":{"line":15,"column":1}},"1":{"start":{"line":10,"column":4},"end":{"line":14,"column":19}},"2":{"start":{"line":16,"column":21},"end":{"line":20,"column":1}},"3":{"start":{"line":21,"column":22},"end":{"line":30,"column":1}},"4":{"start":{"line":23,"column":4},"end":{"line":27,"column":19}},"5":{"start":{"line":31,"column":24},"end":{"line":34,"column":1}},"6":{"start":{"line":36,"column":29},"end":{"line":44,"column":1}},"7":{"start":{"line":45,"column":27},"end":{"line":49,"column":1}},"8":{"start":{"line":51,"column":28},"end":{"line":56,"column":1}},"9":{"start":{"line":57,"column":30},"end":{"line":62,"column":1}},"10":{"start":{"line":63,"column":26},"end":{"line":69,"column":1}},"11":{"start":{"line":70,"column":26},"end":{"line":73,"column":1}},"12":{"start":{"line":74,"column":32},"end":{"line":76,"column":1}},"13":{"start":{"line":77,"column":27},"end":{"line":81,"column":1}}},"fnMap":{"0":{"name":"(anonymous_0)","decl":{"start":{"line":9,"column":18},"end":{"line":9,"column":19}},"loc":{"start":{"line":10,"column":4},"end":{"line":14,"column":19}},"line":10},"1":{"name":"(anonymous_1)","decl":{"start":{"line":22,"column":11},"end":{"line":22,"column":12}},"loc":{"start":{"line":23,"column":4},"end":{"line":27,"column":19}},"line":23}},"branchMap":{"0":{"loc":{"start":{"line":10,"column":4},"end":{"line":14,"column":19}},"type":"cond-expr","locations":[{"start":{"line":11,"column":8},"end":{"line":11,"column":17}},{"start":{"line":12,"column":8},"end":{"line":14,"column":19}}],"line":10},"1":{"loc":{"start":{"line":12,"column":8},"end":{"line":14,"column":19}},"type":"cond-expr","locations":[{"start":{"line":13,"column":10},"end":{"line":13,"column":19}},{"start":{"line":14,"column":10},"end":{"line":14,"column":19}}],"line":12},"2":{"loc":{"start":{"line":23,"column":4},"end":{"line":27,"column":19}},"type":"cond-expr","locations":[{"start":{"line":24,"column":8},"end":{"line":24,"column":17}},{"start":{"line":25,"column":8},"end":{"line":27,"column":19}}],"line":23},"3":{"loc":{"start":{"line":25,"column":8},"end":{"line":27,"column":19}},"type":"cond-expr","locations":[{"start":{"line":26,"column":10},"end":{"line":26,"column":19}},{"start":{"line":27,"column":10},"end":{"line":27,"column":19}}],"line":25}},"s":{"0":0,"1":0,"2":0,"3":0,"4":0,"5":0,"6":0,"7":0,"8":0,"9":0,"10":0,"11":0,"12":0,"13":0},"f":{"0":0,"1":0},"b":{"0":[0,0],"1":[0,0],"2":[0,0],"3":[0,0]}}
,"/Users/rodrigofacio/teste-tecnico-cloudPark/app/calls/components/ModalCall/CallModal.tsx": {"path":"/Users/rodrigofacio/teste-tecnico-cloudPark/app/calls/components/ModalCall/CallModal.tsx","statementMap":{"0":{"start":{"line":20,"column":19},"end":{"line":29,"column":2}},"1":{"start":{"line":25,"column":16},"end":{"line":25,"column":52}},"2":{"start":{"line":43,"column":36},"end":{"line":43,"column":75}},"3":{"start":{"line":50,"column":28},"end":{"line":50,"column":40}},"4":{"start":{"line":51,"column":40},"end":{"line":51,"column":52}},"5":{"start":{"line":52,"column":30},"end":{"line":52,"column":60}},"6":{"start":{"line":53,"column":30},"end":{"line":56,"column":8}},"7":{"start":{"line":58,"column":23},"end":{"line":78,"column":3}},"8":{"start":{"line":59,"column":35},"end":{"line":59,"column":65}},"9":{"start":{"line":60,"column":19},"end":{"line":60,"column":49}},"10":{"start":{"line":62,"column":4},"end":{"line":74,"column":5}},"11":{"start":{"line":63,"column":66},"end":{"line":63,"column":68}},"12":{"start":{"line":64,"column":6},"end":{"line":71,"column":9}},"13":{"start":{"line":65,"column":8},"end":{"line":67,"column":9}},"14":{"start":{"line":66,"column":10},"end":{"line":66,"column":42}},"15":{"start":{"line":68,"column":8},"end":{"line":70,"column":9}},"16":{"start":{"line":69,"column":10},"end":{"line":69,"column":48}},"17":{"start":{"line":72,"column":6},"end":{"line":72,"column":27}},"18":{"start":{"line":73,"column":6},"end":{"line":73,"column":19}},"19":{"start":{"line":76,"column":4},"end":{"line":76,"column":18}},"20":{"start":{"line":77,"column":4},"end":{"line":77,"column":16}},"21":{"start":{"line":80,"column":21},"end":{"line":89,"column":3}},"22":{"start":{"line":81,"column":4},"end":{"line":81,"column":32}},"23":{"start":{"line":81,"column":25},"end":{"line":81,"column":32}},"24":{"start":{"line":83,"column":4},"end":{"line":83,"column":45}},"25":{"start":{"line":84,"column":4},"end":{"line":84,"column":17}},"26":{"start":{"line":85,"column":4},"end":{"line":85,"column":23}},"27":{"start":{"line":86,"column":4},"end":{"line":86,"column":24}},"28":{"start":{"line":87,"column":4},"end":{"line":87,"column":18}},"29":{"start":{"line":88,"column":4},"end":{"line":88,"column":14}},"30":{"start":{"line":91,"column":28},"end":{"line":96,"column":3}},"31":{"start":{"line":92,"column":4},"end":{"line":92,"column":19}},"32":{"start":{"line":93,"column":4},"end":{"line":95,"column":5}},"33":{"start":{"line":94,"column":6},"end":{"line":94,"column":59}},"34":{"start":{"line":94,"column":27},"end":{"line":94,"column":56}},"35":{"start":{"line":98,"column":34},"end":{"line":103,"column":3}},"36":{"start":{"line":99,"column":4},"end":{"line":99,"column":25}},"37":{"start":{"line":100,"column":4},"end":{"line":102,"column":5}},"38":{"start":{"line":101,"column":6},"end":{"line":101,"column":65}},"39":{"start":{"line":101,"column":27},"end":{"line":101,"column":62}},"40":{"start":{"line":105,"column":2},"end":{"line":163,"column":4}},"41":{"start":{"line":136,"column":44},"end":{"line":136,"column":78}},"42":{"start":{"line":144,"column":16},"end":{"line":144,"column":65}}},"fnMap":{"0":{"name":"(anonymous_0)","decl":{"start":{"line":25,"column":6},"end":{"line":25,"column":7}},"loc":{"start":{"line":25,"column":16},"end":{"line":25,"column":52}},"line":25},"1":{"name":"CallModal","decl":{"start":{"line":45,"column":24},"end":{"line":45,"column":33}},"loc":{"start":{"line":49,"column":19},"end":{"line":164,"column":1}},"line":49},"2":{"name":"(anonymous_2)","decl":{"start":{"line":58,"column":23},"end":{"line":58,"column":24}},"loc":{"start":{"line":58,"column":38},"end":{"line":78,"column":3}},"line":58},"3":{"name":"(anonymous_3)","decl":{"start":{"line":64,"column":34},"end":{"line":64,"column":35}},"loc":{"start":{"line":64,"column":50},"end":{"line":71,"column":7}},"line":64},"4":{"name":"(anonymous_4)","decl":{"start":{"line":80,"column":21},"end":{"line":80,"column":22}},"loc":{"start":{"line":80,"column":27},"end":{"line":89,"column":3}},"line":80},"5":{"name":"(anonymous_5)","decl":{"start":{"line":91,"column":28},"end":{"line":91,"column":29}},"loc":{"start":{"line":91,"column":46},"end":{"line":96,"column":3}},"line":91},"6":{"name":"(anonymous_6)","decl":{"start":{"line":94,"column":16},"end":{"line":94,"column":17}},"loc":{"start":{"line":94,"column":27},"end":{"line":94,"column":56}},"line":94},"7":{"name":"(anonymous_7)","decl":{"start":{"line":98,"column":34},"end":{"line":98,"column":35}},"loc":{"start":{"line":98,"column":52},"end":{"line":103,"column":3}},"line":98},"8":{"name":"(anonymous_8)","decl":{"start":{"line":101,"column":16},"end":{"line":101,"column":17}},"loc":{"start":{"line":101,"column":27},"end":{"line":101,"column":62}},"line":101},"9":{"name":"(anonymous_9)","decl":{"start":{"line":136,"column":29},"end":{"line":136,"column":30}},"loc":{"start":{"line":136,"column":44},"end":{"line":136,"column":78}},"line":136},"10":{"name":"(anonymous_10)","decl":{"start":{"line":143,"column":33},"end":{"line":143,"column":34}},"loc":{"start":{"line":144,"column":16},"end":{"line":144,"column":65}},"line":144}},"branchMap":{"0":{"loc":{"start":{"line":62,"column":4},"end":{"line":74,"column":5}},"type":"if","locations":[{"start":{"line":62,"column":4},"end":{"line":74,"column":5}},{"start":{},"end":{}}],"line":62},"1":{"loc":{"start":{"line":65,"column":8},"end":{"line":67,"column":9}},"type":"if","locations":[{"start":{"line":65,"column":8},"end":{"line":67,"column":9}},{"start":{},"end":{}}],"line":65},"2":{"loc":{"start":{"line":68,"column":8},"end":{"line":70,"column":9}},"type":"if","locations":[{"start":{"line":68,"column":8},"end":{"line":70,"column":9}},{"start":{},"end":{}}],"line":68},"3":{"loc":{"start":{"line":81,"column":4},"end":{"line":81,"column":32}},"type":"if","locations":[{"start":{"line":81,"column":4},"end":{"line":81,"column":32}},{"start":{},"end":{}}],"line":81},"4":{"loc":{"start":{"line":93,"column":4},"end":{"line":95,"column":5}},"type":"if","locations":[{"start":{"line":93,"column":4},"end":{"line":95,"column":5}},{"start":{},"end":{}}],"line":93},"5":{"loc":{"start":{"line":100,"column":4},"end":{"line":102,"column":5}},"type":"if","locations":[{"start":{"line":100,"column":4},"end":{"line":102,"column":5}},{"start":{},"end":{}}],"line":100},"6":{"loc":{"start":{"line":116,"column":11},"end":{"line":116,"column":64}},"type":"binary-expr","locations":[{"start":{"line":116,"column":11},"end":{"line":116,"column":23}},{"start":{"line":116,"column":27},"end":{"line":116,"column":64}}],"line":116},"7":{"loc":{"start":{"line":129,"column":11},"end":{"line":131,"column":11}},"type":"binary-expr","locations":[{"start":{"line":129,"column":11},"end":{"line":129,"column":29}},{"start":{"line":130,"column":12},"end":{"line":130,"column":77}}],"line":129}},"s":{"0":0,"1":0,"2":0,"3":0,"4":0,"5":0,"6":0,"7":0,"8":0,"9":0,"10":0,"11":0,"12":0,"13":0,"14":0,"15":0,"16":0,"17":0,"18":0,"19":0,"20":0,"21":0,"22":0,"23":0,"24":0,"25":0,"26":0,"27":0,"28":0,"29":0,"30":0,"31":0,"32":0,"33":0,"34":0,"35":0,"36":0,"37":0,"38":0,"39":0,"40":0,"41":0,"42":0},"f":{"0":0,"1":0,"2":0,"3":0,"4":0,"5":0,"6":0,"7":0,"8":0,"9":0,"10":0},"b":{"0":[0,0],"1":[0,0],"2":[0,0],"3":[0,0],"4":[0,0],"5":[0,0],"6":[0,0],"7":[0,0]}}
,"/Users/rodrigofacio/teste-tecnico-cloudPark/app/calls/components/ModalCall/style.ts": {"path":"/Users/rodrigofacio/teste-tecnico-cloudPark/app/calls/components/ModalCall/style.ts","statementMap":{"0":{"start":{"line":4,"column":23},"end":{"line":9,"column":1}},"1":{"start":{"line":11,"column":30},"end":{"line":17,"column":1}},"2":{"start":{"line":19,"column":26},"end":{"line":25,"column":1}},"3":{"start":{"line":27,"column":25},"end":{"line":31,"column":1}},"4":{"start":{"line":33,"column":36},"end":{"line":38,"column":1}},"5":{"start":{"line":40,"column":31},"end":{"line":42,"column":1}},"6":{"start":{"line":44,"column":27},"end":{"line":47,"column":1}},"7":{"start":{"line":49,"column":28},"end":{"line":53,"column":1}},"8":{"start":{"line":55,"column":25},"end":{"line":60,"column":1}}},"fnMap":{},"branchMap":{},"s":{"0":0,"1":0,"2":0,"3":0,"4":0,"5":0,"6":0,"7":0,"8":0},"f":{},"b":{}}
,"/Users/rodrigofacio/teste-tecnico-cloudPark/app/calls/components/ModalCallDetails/ModalCallDetails.tsx": {"path":"/Users/rodrigofacio/teste-tecnico-cloudPark/app/calls/components/ModalCallDetails/ModalCallDetails.tsx","statementMap":{"0":{"start":{"line":18,"column":15},"end":{"line":18,"column":35}},"1":{"start":{"line":19,"column":2},"end":{"line":19,"column":47}},"2":{"start":{"line":19,"column":29},"end":{"line":19,"column":47}},"3":{"start":{"line":20,"column":2},"end":{"line":26,"column":5}},"4":{"start":{"line":40,"column":30},"end":{"line":40,"column":63}},"5":{"start":{"line":41,"column":44},"end":{"line":41,"column":59}},"6":{"start":{"line":42,"column":31},"end":{"line":42,"column":46}},"7":{"start":{"line":44,"column":29},"end":{"line":47,"column":3}},"8":{"start":{"line":45,"column":4},"end":{"line":45,"column":39}},"9":{"start":{"line":46,"column":4},"end":{"line":46,"column":48}},"10":{"start":{"line":49,"column":23},"end":{"line":52,"column":3}},"11":{"start":{"line":50,"column":4},"end":{"line":50,"column":27}},"12":{"start":{"line":51,"column":4},"end":{"line":51,"column":28}},"13":{"start":{"line":54,"column":21},"end":{"line":61,"column":3}},"14":{"start":{"line":55,"column":4},"end":{"line":60,"column":5}},"15":{"start":{"line":56,"column":6},"end":{"line":56,"column":46}},"16":{"start":{"line":57,"column":6},"end":{"line":57,"column":30}},"17":{"start":{"line":59,"column":6},"end":{"line":59,"column":56}},"18":{"start":{"line":63,"column":22},"end":{"line":69,"column":3}},"19":{"start":{"line":64,"column":4},"end":{"line":67,"column":5}},"20":{"start":{"line":66,"column":6},"end":{"line":66,"column":13}},"21":{"start":{"line":68,"column":4},"end":{"line":68,"column":14}},"22":{"start":{"line":71,"column":2},"end":{"line":123,"column":4}}},"fnMap":{"0":{"name":"formatDate","decl":{"start":{"line":17,"column":9},"end":{"line":17,"column":19}},"loc":{"start":{"line":17,"column":40},"end":{"line":27,"column":1}},"line":17},"1":{"name":"ModalCallDetails","decl":{"start":{"line":35,"column":24},"end":{"line":35,"column":40}},"loc":{"start":{"line":39,"column":26},"end":{"line":124,"column":1}},"line":39},"2":{"name":"(anonymous_2)","decl":{"start":{"line":44,"column":29},"end":{"line":44,"column":30}},"loc":{"start":{"line":44,"column":52},"end":{"line":47,"column":3}},"line":44},"3":{"name":"(anonymous_3)","decl":{"start":{"line":49,"column":23},"end":{"line":49,"column":24}},"loc":{"start":{"line":49,"column":29},"end":{"line":52,"column":3}},"line":49},"4":{"name":"(anonymous_4)","decl":{"start":{"line":54,"column":21},"end":{"line":54,"column":22}},"loc":{"start":{"line":54,"column":33},"end":{"line":61,"column":3}},"line":54},"5":{"name":"(anonymous_5)","decl":{"start":{"line":63,"column":22},"end":{"line":63,"column":23}},"loc":{"start":{"line":63,"column":28},"end":{"line":69,"column":3}},"line":63}},"branchMap":{"0":{"loc":{"start":{"line":19,"column":2},"end":{"line":19,"column":47}},"type":"if","locations":[{"start":{"line":19,"column":2},"end":{"line":19,"column":47}},{"start":{},"end":{}}],"line":19},"1":{"loc":{"start":{"line":64,"column":4},"end":{"line":67,"column":5}},"type":"if","locations":[{"start":{"line":64,"column":4},"end":{"line":67,"column":5}},{"start":{},"end":{}}],"line":64},"2":{"loc":{"start":{"line":100,"column":11},"end":{"line":119,"column":11}},"type":"binary-expr","locations":[{"start":{"line":100,"column":11},"end":{"line":100,"column":24}},{"start":{"line":101,"column":12},"end":{"line":118,"column":19}}],"line":100}},"s":{"0":0,"1":0,"2":0,"3":0,"4":0,"5":0,"6":0,"7":0,"8":0,"9":0,"10":0,"11":0,"12":0,"13":0,"14":0,"15":0,"16":0,"17":0,"18":0,"19":0,"20":0,"21":0,"22":0},"f":{"0":0,"1":0,"2":0,"3":0,"4":0,"5":0},"b":{"0":[0,0],"1":[0,0],"2":[0,0]}}
,"/Users/rodrigofacio/teste-tecnico-cloudPark/app/calls/components/ModalCallDetails/style.ts": {"path":"/Users/rodrigofacio/teste-tecnico-cloudPark/app/calls/components/ModalCallDetails/style.ts","statementMap":{"0":{"start":{"line":3,"column":28},"end":{"line":8,"column":1}},"1":{"start":{"line":9,"column":30},"end":{"line":14,"column":1}},"2":{"start":{"line":15,"column":26},"end":{"line":21,"column":1}},"3":{"start":{"line":22,"column":26},"end":{"line":25,"column":1}},"4":{"start":{"line":26,"column":32},"end":{"line":28,"column":1}},"5":{"start":{"line":29,"column":27},"end":{"line":33,"column":1}}},"fnMap":{},"branchMap":{},"s":{"0":0,"1":0,"2":0,"3":0,"4":0,"5":0},"f":{},"b":{}}
,"/Users/rodrigofacio/teste-tecnico-cloudPark/app/login/login.tsx": {"path":"/Users/rodrigofacio/teste-tecnico-cloudPark/app/login/login.tsx","statementMap":{"0":{"start":{"line":22,"column":28},"end":{"line":22,"column":40}},"1":{"start":{"line":23,"column":34},"end":{"line":23,"column":46}},"2":{"start":{"line":24,"column":28},"end":{"line":24,"column":40}},"3":{"start":{"line":25,"column":17},"end":{"line":25,"column":28}},"4":{"start":{"line":27,"column":22},"end":{"line":39,"column":3}},"5":{"start":{"line":28,"column":4},"end":{"line":31,"column":5}},"6":{"start":{"line":29,"column":6},"end":{"line":29,"column":53}},"7":{"start":{"line":30,"column":6},"end":{"line":30,"column":13}},"8":{"start":{"line":32,"column":4},"end":{"line":38,"column":5}},"9":{"start":{"line":33,"column":6},"end":{"line":33,"column":19}},"10":{"start":{"line":34,"column":6},"end":{"line":34,"column":34}},"11":{"start":{"line":35,"column":6},"end":{"line":35,"column":37}},"12":{"start":{"line":37,"column":6},"end":{"line":37,"column":44}},"13":{"start":{"line":41,"column":2},"end":{"line":80,"column":4}}},"fnMap":{"0":{"name":"LoginScreen","decl":{"start":{"line":21,"column":24},"end":{"line":21,"column":35}},"loc":{"start":{"line":21,"column":38},"end":{"line":81,"column":1}},"line":21},"1":{"name":"(anonymous_1)","decl":{"start":{"line":27,"column":22},"end":{"line":27,"column":23}},"loc":{"start":{"line":27,"column":34},"end":{"line":39,"column":3}},"line":27}},"branchMap":{"0":{"loc":{"start":{"line":28,"column":4},"end":{"line":31,"column":5}},"type":"if","locations":[{"start":{"line":28,"column":4},"end":{"line":31,"column":5}},{"start":{},"end":{}}],"line":28},"1":{"loc":{"start":{"line":28,"column":8},"end":{"line":28,"column":27}},"type":"binary-expr","locations":[{"start":{"line":28,"column":8},"end":{"line":28,"column":14}},{"start":{"line":28,"column":18},"end":{"line":28,"column":27}}],"line":28},"2":{"loc":{"start":{"line":32,"column":4},"end":{"line":38,"column":5}},"type":"if","locations":[{"start":{"line":32,"column":4},"end":{"line":38,"column":5}},{"start":{"line":36,"column":11},"end":{"line":38,"column":5}}],"line":32},"3":{"loc":{"start":{"line":32,"column":8},"end":{"line":32,"column":65}},"type":"binary-expr","locations":[{"start":{"line":32,"column":8},"end":{"line":32,"column":35}},{"start":{"line":32,"column":39},"end":{"line":32,"column":65}}],"line":32},"4":{"loc":{"start":{"line":44,"column":16},"end":{"line":44,"column":60}},"type":"cond-expr","locations":[{"start":{"line":44,"column":40},"end":{"line":44,"column":49}},{"start":{"line":44,"column":52},"end":{"line":44,"column":60}}],"line":44},"5":{"loc":{"start":{"line":74,"column":13},"end":{"line":74,"column":58}},"type":"cond-expr","locations":[{"start":{"line":74,"column":21},"end":{"line":74,"column":51}},{"start":{"line":74,"column":54},"end":{"line":74,"column":58}}],"line":74}},"s":{"0":0,"1":0,"2":0,"3":0,"4":0,"5":0,"6":0,"7":0,"8":0,"9":0,"10":0,"11":0,"12":0,"13":0},"f":{"0":0,"1":0},"b":{"0":[0,0],"1":[0,0],"2":[0,0],"3":[0,0],"4":[0,0],"5":[0,0]}}
,"/Users/rodrigofacio/teste-tecnico-cloudPark/app/login/style.tsx": {"path":"/Users/rodrigofacio/teste-tecnico-cloudPark/app/login/style.tsx","statementMap":{"0":{"start":{"line":4,"column":25},"end":{"line":10,"column":1}},"1":{"start":{"line":12,"column":27},"end":{"line":15,"column":1}},"2":{"start":{"line":17,"column":21},"end":{"line":23,"column":1}},"3":{"start":{"line":25,"column":24},"end":{"line":30,"column":1}},"4":{"start":{"line":32,"column":21},"end":{"line":42,"column":1}},"5":{"start":{"line":44,"column":25},"end":{"line":48,"column":1}},"6":{"start":{"line":50,"column":22},"end":{"line":56,"column":1}},"7":{"start":{"line":58,"column":26},"end":{"line":62,"column":1}},"8":{"start":{"line":64,"column":27},"end":{"line":67,"column":1}}},"fnMap":{},"branchMap":{},"s":{"0":0,"1":0,"2":0,"3":0,"4":0,"5":0,"6":0,"7":0,"8":0},"f":{},"b":{}}
,"/Users/rodrigofacio/teste-tecnico-cloudPark/common/Button/Button.tsx": {"path":"/Users/rodrigofacio/teste-tecnico-cloudPark/common/Button/Button.tsx","statementMap":{"0":{"start":{"line":17,"column":2},"end":{"line":23,"column":4}}},"fnMap":{"0":{"name":"Button","decl":{"start":{"line":11,"column":24},"end":{"line":11,"column":30}},"loc":{"start":{"line":16,"column":16},"end":{"line":24,"column":1}},"line":16}},"branchMap":{"0":{"loc":{"start":{"line":13,"column":2},"end":{"line":13,"column":23}},"type":"default-arg","locations":[{"start":{"line":13,"column":12},"end":{"line":13,"column":23}}],"line":13}},"s":{"0":3},"f":{"0":3},"b":{"0":[3]},"_coverageSchema":"1a1c01bbd47fc00a2c39e90264f33305004495a9","hash":"a922f2727745aa43c738ee153930e1d58cfdda9b"}
,"/Users/rodrigofacio/teste-tecnico-cloudPark/common/Button/style.ts": {"path":"/Users/rodrigofacio/teste-tecnico-cloudPark/common/Button/style.ts","statementMap":{"0":{"start":{"line":3,"column":28},"end":{"line":20,"column":1}},"1":{"start":{"line":12,"column":4},"end":{"line":19,"column":9}},"2":{"start":{"line":22,"column":26},"end":{"line":36,"column":1}},"3":{"start":{"line":29,"column":4},"end":{"line":35,"column":9}}},"fnMap":{"0":{"name":"(anonymous_0)","decl":{"start":{"line":11,"column":4},"end":{"line":11,"column":5}},"loc":{"start":{"line":12,"column":4},"end":{"line":19,"column":9}},"line":12},"1":{"name":"(anonymous_1)","decl":{"start":{"line":28,"column":4},"end":{"line":28,"column":5}},"loc":{"start":{"line":29,"column":4},"end":{"line":35,"column":9}},"line":29}},"branchMap":{"0":{"loc":{"start":{"line":12,"column":4},"end":{"line":19,"column":9}},"type":"cond-expr","locations":[{"start":{"line":13,"column":8},"end":{"line":16,"column":9}},{"start":{"line":17,"column":8},"end":{"line":19,"column":9}}],"line":12},"1":{"loc":{"start":{"line":18,"column":30},"end":{"line":18,"column":48}},"type":"binary-expr","locations":[{"start":{"line":18,"column":30},"end":{"line":18,"column":35}},{"start":{"line":18,"column":39},"end":{"line":18,"column":48}}],"line":18},"2":{"loc":{"start":{"line":29,"column":4},"end":{"line":35,"column":9}},"type":"cond-expr","locations":[{"start":{"line":30,"column":8},"end":{"line":32,"column":9}},{"start":{"line":33,"column":8},"end":{"line":35,"column":9}}],"line":29},"3":{"loc":{"start":{"line":31,"column":19},"end":{"line":31,"column":37}},"type":"binary-expr","locations":[{"start":{"line":31,"column":19},"end":{"line":31,"column":24}},{"start":{"line":31,"column":28},"end":{"line":31,"column":37}}],"line":31}},"s":{"0":1,"1":3,"2":1,"3":3},"f":{"0":3,"1":3},"b":{"0":[0,3],"1":[3,3],"2":[0,3],"3":[0,0]},"_coverageSchema":"1a1c01bbd47fc00a2c39e90264f33305004495a9","hash":"5ec53b427d35c6a2bb8e94bde8eaec462bef3194"}
,"/Users/rodrigofacio/teste-tecnico-cloudPark/common/Input/Input.tsx": {"path":"/Users/rodrigofacio/teste-tecnico-cloudPark/common/Input/Input.tsx","statementMap":{"0":{"start":{"line":6,"column":2},"end":{"line":6,"column":64}}},"fnMap":{"0":{"name":"Input","decl":{"start":{"line":5,"column":24},"end":{"line":5,"column":29}},"loc":{"start":{"line":5,"column":53},"end":{"line":7,"column":1}},"line":5}},"branchMap":{},"s":{"0":3},"f":{"0":3},"b":{},"_coverageSchema":"1a1c01bbd47fc00a2c39e90264f33305004495a9","hash":"d80bbf476d2f21cd76cab3abe0f6dbf773c26a90"}
,"/Users/rodrigofacio/teste-tecnico-cloudPark/common/Input/style.ts": {"path":"/Users/rodrigofacio/teste-tecnico-cloudPark/common/Input/style.ts","statementMap":{"0":{"start":{"line":3,"column":27},"end":{"line":11,"column":1}}},"fnMap":{},"branchMap":{},"s":{"0":1},"f":{},"b":{},"_coverageSchema":"1a1c01bbd47fc00a2c39e90264f33305004495a9","hash":"eeea3b5b2736f5a25fe9d9dff8e3a339ee2c3b83"}
,"/Users/rodrigofacio/teste-tecnico-cloudPark/constants/Colors.ts": {"path":"/Users/rodrigofacio/teste-tecnico-cloudPark/constants/Colors.ts","statementMap":{"0":{"start":{"line":6,"column":23},"end":{"line":6,"column":32}},"1":{"start":{"line":7,"column":22},"end":{"line":7,"column":28}},"2":{"start":{"line":9,"column":22},"end":{"line":26,"column":1}}},"fnMap":{},"branchMap":{},"s":{"0":0,"1":0,"2":0},"f":{},"b":{}}
,"/Users/rodrigofacio/teste-tecnico-cloudPark/contexts/AuthContext.tsx": {"path":"/Users/rodrigofacio/teste-tecnico-cloudPark/contexts/AuthContext.tsx","statementMap":{},"fnMap":{},"branchMap":{},"s":{},"f":{},"b":{}}
,"/Users/rodrigofacio/teste-tecnico-cloudPark/hooks/api.ts": {"path":"/Users/rodrigofacio/teste-tecnico-cloudPark/hooks/api.ts","statementMap":{"0":{"start":{"line":3,"column":12},"end":{"line":6,"column":2}}},"fnMap":{},"branchMap":{},"s":{"0":0},"f":{},"b":{}}
,"/Users/rodrigofacio/teste-tecnico-cloudPark/hooks/useCalls.ts": {"path":"/Users/rodrigofacio/teste-tecnico-cloudPark/hooks/useCalls.ts","statementMap":{"0":{"start":{"line":15,"column":29},"end":{"line":50,"column":3}},"1":{"start":{"line":15,"column":63},"end":{"line":50,"column":1}},"2":{"start":{"line":19,"column":23},"end":{"line":19,"column":37}},"3":{"start":{"line":21,"column":4},"end":{"line":21,"column":40}},"4":{"start":{"line":22,"column":4},"end":{"line":27,"column":5}},"5":{"start":{"line":23,"column":18},"end":{"line":23,"column":41}},"6":{"start":{"line":24,"column":6},"end":{"line":24,"column":47}},"7":{"start":{"line":26,"column":6},"end":{"line":26,"column":71}},"8":{"start":{"line":30,"column":4},"end":{"line":30,"column":40}},"9":{"start":{"line":31,"column":4},"end":{"line":36,"column":5}},"10":{"start":{"line":32,"column":18},"end":{"line":32,"column":48}},"11":{"start":{"line":33,"column":6},"end":{"line":33,"column":65}},"12":{"start":{"line":35,"column":6},"end":{"line":35,"column":79}},"13":{"start":{"line":39,"column":4},"end":{"line":39,"column":40}},"14":{"start":{"line":40,"column":4},"end":{"line":48,"column":5}},"15":{"start":{"line":41,"column":6},"end":{"line":41,"column":50}},"16":{"start":{"line":42,"column":27},"end":{"line":44,"column":7}},"17":{"start":{"line":43,"column":8},"end":{"line":43,"column":51}},"18":{"start":{"line":45,"column":6},"end":{"line":45,"column":51}},"19":{"start":{"line":47,"column":6},"end":{"line":47,"column":78}}},"fnMap":{"0":{"name":"(anonymous_0)","decl":{"start":{"line":15,"column":48},"end":{"line":15,"column":49}},"loc":{"start":{"line":15,"column":63},"end":{"line":50,"column":1}},"line":15},"1":{"name":"(anonymous_1)","decl":{"start":{"line":19,"column":12},"end":{"line":19,"column":13}},"loc":{"start":{"line":19,"column":23},"end":{"line":19,"column":37}},"line":19},"2":{"name":"(anonymous_2)","decl":{"start":{"line":20,"column":14},"end":{"line":20,"column":15}},"loc":{"start":{"line":20,"column":26},"end":{"line":28,"column":3}},"line":20},"3":{"name":"(anonymous_3)","decl":{"start":{"line":29,"column":11},"end":{"line":29,"column":12}},"loc":{"start":{"line":29,"column":27},"end":{"line":37,"column":3}},"line":29},"4":{"name":"(anonymous_4)","decl":{"start":{"line":38,"column":20},"end":{"line":38,"column":21}},"loc":{"start":{"line":38,"column":42},"end":{"line":49,"column":3}},"line":38},"5":{"name":"(anonymous_5)","decl":{"start":{"line":42,"column":43},"end":{"line":42,"column":44}},"loc":{"start":{"line":43,"column":8},"end":{"line":43,"column":51}},"line":43}},"branchMap":{"0":{"loc":{"start":{"line":26,"column":19},"end":{"line":26,"column":51}},"type":"binary-expr","locations":[{"start":{"line":26,"column":19},"end":{"line":26,"column":28}},{"start":{"line":26,"column":32},"end":{"line":26,"column":51}}],"line":26},"1":{"loc":{"start":{"line":35,"column":19},"end":{"line":35,"column":59}},"type":"binary-expr","locations":[{"start":{"line":35,"column":19},"end":{"line":35,"column":28}},{"start":{"line":35,"column":32},"end":{"line":35,"column":59}}],"line":35},"2":{"loc":{"start":{"line":43,"column":8},"end":{"line":43,"column":51}},"type":"cond-expr","locations":[{"start":{"line":43,"column":25},"end":{"line":43,"column":44}},{"start":{"line":43,"column":47},"end":{"line":43,"column":51}}],"line":43},"3":{"loc":{"start":{"line":47,"column":19},"end":{"line":47,"column":58}},"type":"binary-expr","locations":[{"start":{"line":47,"column":19},"end":{"line":47,"column":28}},{"start":{"line":47,"column":32},"end":{"line":47,"column":58}}],"line":47}},"s":{"0":0,"1":0,"2":0,"3":0,"4":0,"5":0,"6":0,"7":0,"8":0,"9":0,"10":0,"11":0,"12":0,"13":0,"14":0,"15":0,"16":0,"17":0,"18":0,"19":0},"f":{"0":0,"1":0,"2":0,"3":0,"4":0,"5":0},"b":{"0":[0,0],"1":[0,0],"2":[0,0],"3":[0,0]}}
,"/Users/rodrigofacio/teste-tecnico-cloudPark/hooks/useColorScheme.ts": {"path":"/Users/rodrigofacio/teste-tecnico-cloudPark/hooks/useColorScheme.ts","statementMap":{},"fnMap":{},"branchMap":{},"s":{},"f":{},"b":{}}
,"/Users/rodrigofacio/teste-tecnico-cloudPark/hooks/useColorScheme.web.ts": {"path":"/Users/rodrigofacio/teste-tecnico-cloudPark/hooks/useColorScheme.web.ts","statementMap":{"0":{"start":{"line":8,"column":40},"end":{"line":8,"column":55}},"1":{"start":{"line":10,"column":2},"end":{"line":12,"column":9}},"2":{"start":{"line":11,"column":4},"end":{"line":11,"column":25}},"3":{"start":{"line":14,"column":22},"end":{"line":14,"column":40}},"4":{"start":{"line":16,"column":2},"end":{"line":18,"column":3}},"5":{"start":{"line":17,"column":4},"end":{"line":17,"column":23}},"6":{"start":{"line":20,"column":2},"end":{"line":20,"column":17}}},"fnMap":{"0":{"name":"useColorScheme","decl":{"start":{"line":7,"column":16},"end":{"line":7,"column":30}},"loc":{"start":{"line":7,"column":33},"end":{"line":21,"column":1}},"line":7},"1":{"name":"(anonymous_1)","decl":{"start":{"line":10,"column":12},"end":{"line":10,"column":13}},"loc":{"start":{"line":10,"column":18},"end":{"line":12,"column":3}},"line":10}},"branchMap":{"0":{"loc":{"start":{"line":16,"column":2},"end":{"line":18,"column":3}},"type":"if","locations":[{"start":{"line":16,"column":2},"end":{"line":18,"column":3}},{"start":{},"end":{}}],"line":16}},"s":{"0":0,"1":0,"2":0,"3":0,"4":0,"5":0,"6":0},"f":{"0":0,"1":0},"b":{"0":[0,0]}}
,"/Users/rodrigofacio/teste-tecnico-cloudPark/hooks/useThemeColor.ts": {"path":"/Users/rodrigofacio/teste-tecnico-cloudPark/hooks/useThemeColor.ts","statementMap":{"0":{"start":{"line":13,"column":16},"end":{"line":13,"column":43}},"1":{"start":{"line":14,"column":25},"end":{"line":14,"column":37}},"2":{"start":{"line":16,"column":2},"end":{"line":20,"column":3}},"3":{"start":{"line":17,"column":4},"end":{"line":17,"column":26}},"4":{"start":{"line":19,"column":4},"end":{"line":19,"column":36}}},"fnMap":{"0":{"name":"useThemeColor","decl":{"start":{"line":9,"column":16},"end":{"line":9,"column":29}},"loc":{"start":{"line":12,"column":2},"end":{"line":21,"column":1}},"line":12}},"branchMap":{"0":{"loc":{"start":{"line":13,"column":16},"end":{"line":13,"column":43}},"type":"binary-expr","locations":[{"start":{"line":13,"column":16},"end":{"line":13,"column":32}},{"start":{"line":13,"column":36},"end":{"line":13,"column":43}}],"line":13},"1":{"loc":{"start":{"line":16,"column":2},"end":{"line":20,"column":3}},"type":"if","locations":[{"start":{"line":16,"column":2},"end":{"line":20,"column":3}},{"start":{"line":18,"column":9},"end":{"line":20,"column":3}}],"line":16}},"s":{"0":0,"1":0,"2":0,"3":0,"4":0},"f":{"0":0},"b":{"0":[0,0],"1":[0,0]}}
,"/Users/rodrigofacio/teste-tecnico-cloudPark/hooks/useUser.ts": {"path":"/Users/rodrigofacio/teste-tecnico-cloudPark/hooks/useUser.ts","statementMap":{"0":{"start":{"line":4,"column":18},"end":{"line":4,"column":30}},"1":{"start":{"line":7,"column":28},"end":{"line":13,"column":3}},"2":{"start":{"line":10,"column":13},"end":{"line":13,"column":1}},"3":{"start":{"line":12,"column":35},"end":{"line":12,"column":61}},"4":{"start":{"line":16,"column":2},"end":{"line":21,"column":3}},"5":{"start":{"line":17,"column":4},"end":{"line":17,"column":73}},"6":{"start":{"line":18,"column":4},"end":{"line":18,"column":52}},"7":{"start":{"line":25,"column":2},"end":{"line":32,"column":3}},"8":{"start":{"line":26,"column":18},"end":{"line":26,"column":55}},"9":{"start":{"line":27,"column":19},"end":{"line":27,"column":35}},"10":{"start":{"line":28,"column":4},"end":{"line":28,"column":48}},"11":{"start":{"line":29,"column":4},"end":{"line":29,"column":18}},"12":{"start":{"line":31,"column":4},"end":{"line":31,"column":17}},"13":{"start":{"line":36,"column":2},"end":{"line":41,"column":3}},"14":{"start":{"line":37,"column":4},"end":{"line":37,"column":45}},"15":{"start":{"line":38,"column":4},"end":{"line":38,"column":47}}},"fnMap":{"0":{"name":"(anonymous_0)","decl":{"start":{"line":10,"column":3},"end":{"line":10,"column":4}},"loc":{"start":{"line":10,"column":13},"end":{"line":13,"column":1}},"line":10},"1":{"name":"(anonymous_1)","decl":{"start":{"line":12,"column":15},"end":{"line":12,"column":16}},"loc":{"start":{"line":12,"column":35},"end":{"line":12,"column":61}},"line":12},"2":{"name":"saveLoginStatus","decl":{"start":{"line":15,"column":22},"end":{"line":15,"column":37}},"loc":{"start":{"line":15,"column":59},"end":{"line":22,"column":1}},"line":15},"3":{"name":"getLoginStatus","decl":{"start":{"line":24,"column":22},"end":{"line":24,"column":36}},"loc":{"start":{"line":24,"column":57},"end":{"line":33,"column":1}},"line":24},"4":{"name":"removeLoginStatus","decl":{"start":{"line":35,"column":22},"end":{"line":35,"column":39}},"loc":{"start":{"line":35,"column":42},"end":{"line":42,"column":1}},"line":35}},"branchMap":{"0":{"loc":{"start":{"line":17,"column":42},"end":{"line":17,"column":71}},"type":"cond-expr","locations":[{"start":{"line":17,"column":55},"end":{"line":17,"column":61}},{"start":{"line":17,"column":64},"end":{"line":17,"column":71}}],"line":17}},"s":{"0":0,"1":0,"2":0,"3":0,"4":0,"5":0,"6":0,"7":0,"8":0,"9":0,"10":0,"11":0,"12":0,"13":0,"14":0,"15":0},"f":{"0":0,"1":0,"2":0,"3":0,"4":0},"b":{"0":[0,0]}}
,"/Users/rodrigofacio/teste-tecnico-cloudPark/scripts/reset-project.js": {"path":"/Users/rodrigofacio/teste-tecnico-cloudPark/scripts/reset-project.js","statementMap":{"0":{"start":{"line":9,"column":11},"end":{"line":9,"column":24}},"1":{"start":{"line":10,"column":13},"end":{"line":10,"column":28}},"2":{"start":{"line":11,"column":17},"end":{"line":11,"column":36}},"3":{"start":{"line":13,"column":13},"end":{"line":13,"column":26}},"4":{"start":{"line":14,"column":16},"end":{"line":14,"column":70}},"5":{"start":{"line":15,"column":19},"end":{"line":15,"column":32}},"6":{"start":{"line":16,"column":18},"end":{"line":16,"column":23}},"7":{"start":{"line":17,"column":23},"end":{"line":17,"column":50}},"8":{"start":{"line":19,"column":21},"end":{"line":34,"column":1}},"9":{"start":{"line":36,"column":22},"end":{"line":41,"column":1}},"10":{"start":{"line":43,"column":11},"end":{"line":46,"column":2}},"11":{"start":{"line":48,"column":24},"end":{"line":99,"column":1}},"12":{"start":{"line":49,"column":2},"end":{"line":98,"column":3}},"13":{"start":{"line":50,"column":4},"end":{"line":54,"column":5}},"14":{"start":{"line":52,"column":6},"end":{"line":52,"column":67}},"15":{"start":{"line":53,"column":6},"end":{"line":53,"column":58}},"16":{"start":{"line":57,"column":4},"end":{"line":71,"column":5}},"17":{"start":{"line":58,"column":25},"end":{"line":58,"column":45}},"18":{"start":{"line":59,"column":6},"end":{"line":70,"column":7}},"19":{"start":{"line":60,"column":8},"end":{"line":67,"column":9}},"20":{"start":{"line":61,"column":29},"end":{"line":61,"column":61}},"21":{"start":{"line":62,"column":10},"end":{"line":62,"column":59}},"22":{"start":{"line":63,"column":10},"end":{"line":63,"column":68}},"23":{"start":{"line":65,"column":10},"end":{"line":65,"column":77}},"24":{"start":{"line":66,"column":10},"end":{"line":66,"column":44}},"25":{"start":{"line":69,"column":8},"end":{"line":69,"column":60}},"26":{"start":{"line":74,"column":26},"end":{"line":74,"column":52}},"27":{"start":{"line":75,"column":4},"end":{"line":75,"column":64}},"28":{"start":{"line":76,"column":4},"end":{"line":76,"column":52}},"29":{"start":{"line":79,"column":22},"end":{"line":79,"column":59}},"30":{"start":{"line":80,"column":4},"end":{"line":80,"column":57}},"31":{"start":{"line":81,"column":4},"end":{"line":81,"column":45}},"32":{"start":{"line":84,"column":23},"end":{"line":84,"column":62}},"33":{"start":{"line":85,"column":4},"end":{"line":85,"column":59}},"34":{"start":{"line":86,"column":4},"end":{"line":86,"column":47}},"35":{"start":{"line":88,"column":4},"end":{"line":88,"column":59}},"36":{"start":{"line":89,"column":4},"end":{"line":95,"column":6}},"37":{"start":{"line":97,"column":4},"end":{"line":97,"column":71}},"38":{"start":{"line":101,"column":0},"end":{"line":112,"column":2}},"39":{"start":{"line":104,"column":22},"end":{"line":104,"column":56}},"40":{"start":{"line":105,"column":4},"end":{"line":110,"column":5}},"41":{"start":{"line":106,"column":6},"end":{"line":106,"column":59}},"42":{"start":{"line":106,"column":47},"end":{"line":106,"column":57}},"43":{"start":{"line":108,"column":6},"end":{"line":108,"column":63}},"44":{"start":{"line":109,"column":6},"end":{"line":109,"column":17}}},"fnMap":{"0":{"name":"(anonymous_0)","decl":{"start":{"line":48,"column":24},"end":{"line":48,"column":25}},"loc":{"start":{"line":48,"column":45},"end":{"line":99,"column":1}},"line":48},"1":{"name":"(anonymous_1)","decl":{"start":{"line":103,"column":2},"end":{"line":103,"column":3}},"loc":{"start":{"line":103,"column":14},"end":{"line":111,"column":3}},"line":103},"2":{"name":"(anonymous_2)","decl":{"start":{"line":106,"column":41},"end":{"line":106,"column":42}},"loc":{"start":{"line":106,"column":47},"end":{"line":106,"column":57}},"line":106}},"branchMap":{"0":{"loc":{"start":{"line":50,"column":4},"end":{"line":54,"column":5}},"type":"if","locations":[{"start":{"line":50,"column":4},"end":{"line":54,"column":5}},{"start":{},"end":{}}],"line":50},"1":{"loc":{"start":{"line":59,"column":6},"end":{"line":70,"column":7}},"type":"if","locations":[{"start":{"line":59,"column":6},"end":{"line":70,"column":7}},{"start":{"line":68,"column":13},"end":{"line":70,"column":7}}],"line":59},"2":{"loc":{"start":{"line":60,"column":8},"end":{"line":67,"column":9}},"type":"if","locations":[{"start":{"line":60,"column":8},"end":{"line":67,"column":9}},{"start":{"line":64,"column":15},"end":{"line":67,"column":9}}],"line":60},"3":{"loc":{"start":{"line":91,"column":8},"end":{"line":93,"column":14}},"type":"cond-expr","locations":[{"start":{"line":92,"column":12},"end":{"line":92,"column":87}},{"start":{"line":93,"column":12},"end":{"line":93,"column":14}}],"line":91},"4":{"loc":{"start":{"line":104,"column":22},"end":{"line":104,"column":56}},"type":"binary-expr","locations":[{"start":{"line":104,"column":22},"end":{"line":104,"column":49}},{"start":{"line":104,"column":53},"end":{"line":104,"column":56}}],"line":104},"5":{"loc":{"start":{"line":105,"column":4},"end":{"line":110,"column":5}},"type":"if","locations":[{"start":{"line":105,"column":4},"end":{"line":110,"column":5}},{"start":{"line":107,"column":11},"end":{"line":110,"column":5}}],"line":105},"6":{"loc":{"start":{"line":105,"column":8},"end":{"line":105,"column":46}},"type":"binary-expr","locations":[{"start":{"line":105,"column":8},"end":{"line":105,"column":25}},{"start":{"line":105,"column":29},"end":{"line":105,"column":46}}],"line":105}},"s":{"0":0,"1":0,"2":0,"3":0,"4":0,"5":0,"6":0,"7":0,"8":0,"9":0,"10":0,"11":0,"12":0,"13":0,"14":0,"15":0,"16":0,"17":0,"18":0,"19":0,"20":0,"21":0,"22":0,"23":0,"24":0,"25":0,"26":0,"27":0,"28":0,"29":0,"30":0,"31":0,"32":0,"33":0,"34":0,"35":0,"36":0,"37":0,"38":0,"39":0,"40":0,"41":0,"42":0,"43":0,"44":0},"f":{"0":0,"1":0,"2":0},"b":{"0":[0,0],"1":[0,0],"2":[0,0],"3":[0,0],"4":[0,0],"5":[0,0],"6":[0,0]}}
}
